<?xml version="1.0" encoding="UTF-8"?>
<testng-results ignored="0" total="2" passed="2" failed="0" skipped="0">
  <reporter-output>
  </reporter-output>
  <suite started-at="2023-06-29T17:02:07 BDT" name="Automation" finished-at="2023-06-29T17:02:34 BDT" duration-ms="27286">
    <groups>
    </groups>
    <test started-at="2023-06-29T17:02:07 BDT" name="Login_Test" finished-at="2023-06-29T17:02:28 BDT" duration-ms="21162">
      <class name="Newtest_testcases.Login_Test">
        <test-method is-config="true" signature="openUrl()[pri:0, instance:Newtest_testcases.Login_Test@cb0755b]" started-at="2023-06-29T17:02:07 BDT" name="openUrl" finished-at="2023-06-29T17:02:17 BDT" duration-ms="10713" status="PASS">
          <reporter-output>
          </reporter-output>
        </test-method> <!-- openUrl -->
        <test-method signature="loginTest()[pri:0, instance:Newtest_testcases.Login_Test@cb0755b]" started-at="2023-06-29T17:02:17 BDT" name="loginTest" finished-at="2023-06-29T17:02:28 BDT" duration-ms="10411" status="PASS">
          <reporter-output>
          </reporter-output>
        </test-method> <!-- loginTest -->
      </class> <!-- Newtest_testcases.Login_Test -->
    </test> <!-- Login_Test -->
    <test started-at="2023-06-29T17:02:28 BDT" name="DashBoardTest" finished-at="2023-06-29T17:02:34 BDT" duration-ms="6107">
      <class name="Newtest_testcases.DashBoardTest">
        <test-method is-config="true" signature="start()[pri:0, instance:Newtest_testcases.DashBoardTest@7d9d0818]" started-at="2023-06-29T17:02:04 BDT" name="start" finished-at="2023-06-29T17:02:07 BDT" duration-ms="2419" status="PASS">
          <reporter-output>
          </reporter-output>
        </test-method> <!-- start -->
        <test-method signature="dashBoardTest()[pri:0, instance:Newtest_testcases.DashBoardTest@7d9d0818]" started-at="2023-06-29T17:02:28 BDT" name="dashBoardTest" finished-at="2023-06-29T17:02:34 BDT" duration-ms="6094" status="PASS">
          <reporter-output>
          </reporter-output>
        </test-method> <!-- dashBoardTest -->
        <test-method is-config="true" signature="close()[pri:0, instance:Newtest_testcases.DashBoardTest@7d9d0818]" started-at="2023-06-29T17:02:34 BDT" name="close" finished-at="2023-06-29T17:02:34 BDT" duration-ms="292" status="PASS">
          <reporter-output>
          </reporter-output>
        </test-method> <!-- close -->
      </class> <!-- Newtest_testcases.DashBoardTest -->
    </test> <!-- DashBoardTest -->
  </suite> <!-- Automation -->
</testng-results>
