<?xml version="1.0" encoding="UTF-8"?>
<testng-results ignored="0" total="2" passed="2" failed="0" skipped="0">
  <reporter-output>
  </reporter-output>
  <suite started-at="2023-07-18T00:18:26 BDT" name="Automation" finished-at="2023-07-18T00:18:49 BDT" duration-ms="23601">
    <groups>
    </groups>
    <test started-at="2023-07-18T00:18:26 BDT" name="Login_Test" finished-at="2023-07-18T00:18:43 BDT" duration-ms="17253">
      <class name="Newtest_testcases.Login_Test">
        <test-method is-config="true" signature="openUrl()[pri:0, instance:Newtest_testcases.Login_Test@196a42c3]" started-at="2023-07-18T00:18:26 BDT" name="openUrl" finished-at="2023-07-18T00:18:32 BDT" duration-ms="6115" status="PASS">
          <reporter-output>
          </reporter-output>
        </test-method> <!-- openUrl -->
        <test-method signature="loginTest()[pri:0, instance:Newtest_testcases.Login_Test@196a42c3]" started-at="2023-07-18T00:18:32 BDT" name="loginTest" finished-at="2023-07-18T00:18:42 BDT" duration-ms="10626" status="PASS">
          <reporter-output>
          </reporter-output>
        </test-method> <!-- loginTest -->
        <test-method is-config="true" signature="afterClass()[pri:0, instance:Newtest_testcases.Login_Test@196a42c3]" started-at="2023-07-18T00:18:42 BDT" name="afterClass" finished-at="2023-07-18T00:18:43 BDT" duration-ms="451" status="PASS">
          <reporter-output>
          </reporter-output>
        </test-method> <!-- afterClass -->
      </class> <!-- Newtest_testcases.Login_Test -->
    </test> <!-- Login_Test -->
    <test started-at="2023-07-18T00:18:43 BDT" name="DashBoardTest" finished-at="2023-07-18T00:18:49 BDT" duration-ms="6321">
      <class name="Newtest_testcases.DashBoardTest">
        <test-method is-config="true" signature="start()[pri:0, instance:Newtest_testcases.DashBoardTest@496bc455]" started-at="2023-07-18T00:18:23 BDT" name="start" finished-at="2023-07-18T00:18:26 BDT" duration-ms="2462" status="PASS">
          <reporter-output>
          </reporter-output>
        </test-method> <!-- start -->
        <test-method signature="dashBoardTest()[pri:0, instance:Newtest_testcases.DashBoardTest@496bc455]" started-at="2023-07-18T00:18:43 BDT" name="dashBoardTest" finished-at="2023-07-18T00:18:49 BDT" duration-ms="6114" status="PASS">
          <reporter-output>
          </reporter-output>
        </test-method> <!-- dashBoardTest -->
        <test-method is-config="true" signature="afterClass()[pri:0, instance:Newtest_testcases.DashBoardTest@496bc455]" started-at="2023-07-18T00:18:49 BDT" name="afterClass" finished-at="2023-07-18T00:18:49 BDT" duration-ms="202" status="PASS">
          <reporter-output>
          </reporter-output>
        </test-method> <!-- afterClass -->
        <test-method is-config="true" signature="close()[pri:0, instance:Newtest_testcases.DashBoardTest@496bc455]" started-at="2023-07-18T00:18:49 BDT" name="close" finished-at="2023-07-18T00:18:49 BDT" duration-ms="295" status="PASS">
          <reporter-output>
          </reporter-output>
        </test-method> <!-- close -->
      </class> <!-- Newtest_testcases.DashBoardTest -->
    </test> <!-- DashBoardTest -->
  </suite> <!-- Automation -->
</testng-results>
